{"contracts/distributions/Saft_v0.sol":{"l":{"50":26,"52":26,"54":26,"58":24,"59":24,"62":22,"63":1,"65":21,"68":20,"69":20,"71":20,"75":11,"76":11,"78":11,"80":10,"82":8,"83":8,"84":8,"88":5,"92":7,"93":7,"95":7,"97":5,"99":5,"100":5,"101":5,"105":41,"117":44,"119":42,"121":40,"123":40,"126":38,"137":38,"139":38,"151":1,"152":1,"160":8,"161":8,"163":6,"164":4,"166":2,"167":2,"175":6,"176":6,"178":4,"179":2,"181":2,"183":2,"184":2,"191":3,"192":3,"194":1,"196":1,"197":1,"201":6,"202":3,"204":1,"205":1,"206":1,"210":1,"212":3,"213":3,"214":2},"path":"/Users/lebedkin/programming/stableunit/stableunit_v2/contracts/distributions/Saft_v0.sol","s":{"1":26,"2":26,"3":26,"4":24,"5":24,"6":22,"7":1,"8":21,"9":20,"10":20,"11":20,"12":11,"13":11,"14":11,"15":1,"16":10,"17":2,"18":8,"19":8,"20":8,"21":5,"22":7,"23":7,"24":7,"25":5,"26":5,"27":5,"28":5,"29":41,"30":44,"31":42,"32":40,"33":40,"34":38,"35":38,"36":38,"37":1,"38":1,"39":8,"40":8,"41":6,"42":4,"43":2,"44":2,"45":6,"46":6,"47":4,"48":2,"49":2,"50":2,"51":2,"52":3,"53":3,"54":1,"55":1,"56":1,"57":6,"58":3,"59":1,"60":1,"61":1,"62":4,"63":1,"64":3,"65":3,"66":2},"b":{"1":[26,0],"2":[24,2],"3":[22,2],"4":[1,21],"5":[1,0],"6":[1,10],"7":[2,8],"8":[7,0],"9":[5,2],"10":[42,2],"11":[40,2],"12":[40,0],"13":[6,2],"14":[4,2],"15":[4,2],"16":[2,2],"17":[2,0],"18":[1,2],"19":[3,3],"20":[1,2],"21":[1,0],"22":[1,3],"23":[2,1]},"f":{"1":26,"2":11,"3":5,"4":7,"5":41,"6":44,"7":1,"8":8,"9":6,"10":3,"11":6},"fnMap":{"1":{"name":"purchase","line":49,"loc":{"start":{"line":49,"column":4},"end":{"line":72,"column":4}}},"2":{"name":"tokenVested","line":74,"loc":{"start":{"line":74,"column":4},"end":{"line":85,"column":4}}},"3":{"name":"availableToClaim","line":87,"loc":{"start":{"line":87,"column":4},"end":{"line":89,"column":4}}},"4":{"name":"claimTokens","line":91,"loc":{"start":{"line":91,"column":4},"end":{"line":102,"column":4}}},"5":{"name":"constructor","line":104,"loc":{"start":{"line":104,"column":4},"end":{"line":106,"column":4}}},"6":{"name":"addPurchaser","line":116,"loc":{"start":{"line":108,"column":4},"end":{"line":148,"column":4}}},"7":{"name":"updatePaymentDeadline","line":150,"loc":{"start":{"line":150,"column":4},"end":{"line":153,"column":4}}},"8":{"name":"increaseAllocation","line":159,"loc":{"start":{"line":155,"column":4},"end":{"line":168,"column":4}}},"9":{"name":"decreaseAllocation","line":174,"loc":{"start":{"line":170,"column":4},"end":{"line":185,"column":4}}},"10":{"name":"donatePurchasedTokens","line":190,"loc":{"start":{"line":190,"column":4},"end":{"line":198,"column":4}}},"11":{"name":"adminWithdraw","line":200,"loc":{"start":{"line":200,"column":4},"end":{"line":217,"column":4}}}},"statementMap":{"1":{"start":{"line":50,"column":8},"end":{"line":50,"column":52}},"2":{"start":{"line":52,"column":8},"end":{"line":52,"column":2495}},"3":{"start":{"line":54,"column":8},"end":{"line":54,"column":2583}},"4":{"start":{"line":58,"column":8},"end":{"line":58,"column":95}},"5":{"start":{"line":59,"column":8},"end":{"line":59,"column":2941}},"6":{"start":{"line":62,"column":8},"end":{"line":62,"column":3045}},"7":{"start":{"line":63,"column":12},"end":{"line":63,"column":68}},"8":{"start":{"line":65,"column":12},"end":{"line":65,"column":81}},"9":{"start":{"line":68,"column":8},"end":{"line":68,"column":57}},"10":{"start":{"line":69,"column":8},"end":{"line":69,"column":57}},"11":{"start":{"line":71,"column":8},"end":{"line":71,"column":46}},"12":{"start":{"line":75,"column":8},"end":{"line":75,"column":51}},"13":{"start":{"line":76,"column":8},"end":{"line":76,"column":42}},"14":{"start":{"line":78,"column":8},"end":{"line":78,"column":43}},"15":{"start":{"line":78,"column":35},"end":{"line":78,"column":43}},"16":{"start":{"line":80,"column":8},"end":{"line":80,"column":62}},"17":{"start":{"line":80,"column":40},"end":{"line":80,"column":62}},"18":{"start":{"line":82,"column":8},"end":{"line":82,"column":60}},"19":{"start":{"line":83,"column":8},"end":{"line":83,"column":80}},"20":{"start":{"line":84,"column":8},"end":{"line":84,"column":77}},"21":{"start":{"line":88,"column":8},"end":{"line":88,"column":73}},"22":{"start":{"line":92,"column":8},"end":{"line":92,"column":53}},"23":{"start":{"line":93,"column":8},"end":{"line":93,"column":4553}},"24":{"start":{"line":95,"column":8},"end":{"line":95,"column":4647}},"25":{"start":{"line":97,"column":8},"end":{"line":97,"column":58}},"26":{"start":{"line":99,"column":8},"end":{"line":99,"column":56}},"27":{"start":{"line":100,"column":8},"end":{"line":100,"column":50}},"28":{"start":{"line":101,"column":8},"end":{"line":101,"column":51}},"29":{"start":{"line":105,"column":8},"end":{"line":105,"column":21}},"30":{"start":{"line":117,"column":8},"end":{"line":117,"column":5420}},"31":{"start":{"line":119,"column":8},"end":{"line":119,"column":5524}},"32":{"start":{"line":121,"column":8},"end":{"line":121,"column":5605}},"33":{"start":{"line":123,"column":8},"end":{"line":123,"column":80}},"34":{"start":{"line":126,"column":8},"end":{"line":126,"column":5781}},"35":{"start":{"line":137,"column":8},"end":{"line":137,"column":29}},"36":{"start":{"line":139,"column":8},"end":{"line":139,"column":6362}},"37":{"start":{"line":151,"column":8},"end":{"line":151,"column":52}},"38":{"start":{"line":152,"column":8},"end":{"line":152,"column":76}},"39":{"start":{"line":160,"column":8},"end":{"line":160,"column":52}},"40":{"start":{"line":161,"column":8},"end":{"line":161,"column":75}},"41":{"start":{"line":163,"column":8},"end":{"line":163,"column":97}},"42":{"start":{"line":164,"column":8},"end":{"line":164,"column":106}},"43":{"start":{"line":166,"column":8},"end":{"line":166,"column":55}},"44":{"start":{"line":167,"column":8},"end":{"line":167,"column":53}},"45":{"start":{"line":175,"column":8},"end":{"line":175,"column":52}},"46":{"start":{"line":176,"column":8},"end":{"line":176,"column":75}},"47":{"start":{"line":178,"column":8},"end":{"line":178,"column":98}},"48":{"start":{"line":179,"column":8},"end":{"line":179,"column":96}},"49":{"start":{"line":181,"column":8},"end":{"line":181,"column":87}},"50":{"start":{"line":183,"column":8},"end":{"line":183,"column":55}},"51":{"start":{"line":184,"column":8},"end":{"line":184,"column":53}},"52":{"start":{"line":191,"column":8},"end":{"line":191,"column":53}},"53":{"start":{"line":192,"column":8},"end":{"line":192,"column":59}},"54":{"start":{"line":194,"column":8},"end":{"line":194,"column":74}},"55":{"start":{"line":196,"column":8},"end":{"line":196,"column":64}},"56":{"start":{"line":197,"column":8},"end":{"line":197,"column":64}},"57":{"start":{"line":201,"column":8},"end":{"line":201,"column":8832}},"58":{"start":{"line":202,"column":12},"end":{"line":202,"column":75}},"59":{"start":{"line":204,"column":12},"end":{"line":204,"column":85}},"60":{"start":{"line":205,"column":12},"end":{"line":205,"column":9086}},"61":{"start":{"line":206,"column":16},"end":{"line":206,"column":70}},"62":{"start":{"line":208,"column":10},"end":{"line":208,"column":9201}},"63":{"start":{"line":210,"column":8},"end":{"line":210,"column":55}},"64":{"start":{"line":212,"column":8},"end":{"line":212,"column":63}},"65":{"start":{"line":213,"column":8},"end":{"line":213,"column":9417}},"66":{"start":{"line":214,"column":12},"end":{"line":214,"column":66}}},"branchMap":{"1":{"line":52,"type":"if","locations":[{"start":{"line":52,"column":8},"end":{"line":52,"column":8}},{"start":{"line":52,"column":8},"end":{"line":52,"column":8}}]},"2":{"line":54,"type":"if","locations":[{"start":{"line":54,"column":8},"end":{"line":54,"column":8}},{"start":{"line":54,"column":8},"end":{"line":54,"column":8}}]},"3":{"line":59,"type":"if","locations":[{"start":{"line":59,"column":8},"end":{"line":59,"column":8}},{"start":{"line":59,"column":8},"end":{"line":59,"column":8}}]},"4":{"line":62,"type":"if","locations":[{"start":{"line":62,"column":8},"end":{"line":62,"column":8}},{"start":{"line":62,"column":8},"end":{"line":62,"column":8}}]},"5":{"line":63,"type":"if","locations":[{"start":{"line":63,"column":12},"end":{"line":63,"column":12}},{"start":{"line":63,"column":12},"end":{"line":63,"column":12}}]},"6":{"line":78,"type":"if","locations":[{"start":{"line":78,"column":8},"end":{"line":78,"column":8}},{"start":{"line":78,"column":8},"end":{"line":78,"column":8}}]},"7":{"line":80,"type":"if","locations":[{"start":{"line":80,"column":8},"end":{"line":80,"column":8}},{"start":{"line":80,"column":8},"end":{"line":80,"column":8}}]},"8":{"line":93,"type":"if","locations":[{"start":{"line":93,"column":8},"end":{"line":93,"column":8}},{"start":{"line":93,"column":8},"end":{"line":93,"column":8}}]},"9":{"line":95,"type":"if","locations":[{"start":{"line":95,"column":8},"end":{"line":95,"column":8}},{"start":{"line":95,"column":8},"end":{"line":95,"column":8}}]},"10":{"line":117,"type":"if","locations":[{"start":{"line":117,"column":8},"end":{"line":117,"column":8}},{"start":{"line":117,"column":8},"end":{"line":117,"column":8}}]},"11":{"line":119,"type":"if","locations":[{"start":{"line":119,"column":8},"end":{"line":119,"column":8}},{"start":{"line":119,"column":8},"end":{"line":119,"column":8}}]},"12":{"line":121,"type":"if","locations":[{"start":{"line":121,"column":8},"end":{"line":121,"column":8}},{"start":{"line":121,"column":8},"end":{"line":121,"column":8}}]},"13":{"line":161,"type":"if","locations":[{"start":{"line":161,"column":8},"end":{"line":161,"column":8}},{"start":{"line":161,"column":8},"end":{"line":161,"column":8}}]},"14":{"line":163,"type":"if","locations":[{"start":{"line":163,"column":8},"end":{"line":163,"column":8}},{"start":{"line":163,"column":8},"end":{"line":163,"column":8}}]},"15":{"line":176,"type":"if","locations":[{"start":{"line":176,"column":8},"end":{"line":176,"column":8}},{"start":{"line":176,"column":8},"end":{"line":176,"column":8}}]},"16":{"line":178,"type":"if","locations":[{"start":{"line":178,"column":8},"end":{"line":178,"column":8}},{"start":{"line":178,"column":8},"end":{"line":178,"column":8}}]},"17":{"line":179,"type":"if","locations":[{"start":{"line":179,"column":8},"end":{"line":179,"column":8}},{"start":{"line":179,"column":8},"end":{"line":179,"column":8}}]},"18":{"line":192,"type":"if","locations":[{"start":{"line":192,"column":8},"end":{"line":192,"column":8}},{"start":{"line":192,"column":8},"end":{"line":192,"column":8}}]},"19":{"line":201,"type":"if","locations":[{"start":{"line":201,"column":8},"end":{"line":201,"column":8}},{"start":{"line":201,"column":8},"end":{"line":201,"column":8}}]},"20":{"line":202,"type":"if","locations":[{"start":{"line":202,"column":12},"end":{"line":202,"column":12}},{"start":{"line":202,"column":12},"end":{"line":202,"column":12}}]},"21":{"line":205,"type":"if","locations":[{"start":{"line":205,"column":12},"end":{"line":205,"column":12}},{"start":{"line":205,"column":12},"end":{"line":205,"column":12}}]},"22":{"line":208,"type":"if","locations":[{"start":{"line":208,"column":10},"end":{"line":208,"column":10}},{"start":{"line":208,"column":10},"end":{"line":208,"column":10}}]},"23":{"line":213,"type":"if","locations":[{"start":{"line":213,"column":8},"end":{"line":213,"column":8}},{"start":{"line":213,"column":8},"end":{"line":213,"column":8}}]}}},"contracts/distributions/TokenDistributor_v3.sol":{"l":{"28":21,"32":14,"35":14,"36":14,"37":14,"38":14,"43":14,"44":14,"48":14,"49":14,"50":0,"53":0,"54":0,"56":0,"59":0,"60":0,"66":0},"path":"/Users/lebedkin/programming/stableunit/stableunit_v2/contracts/distributions/TokenDistributor_v3.sol","s":{"1":21,"2":14,"3":14,"4":14,"5":14,"6":14,"7":14,"8":14,"9":14,"10":14,"11":0,"12":0,"13":0,"14":0,"15":0,"16":0,"17":0},"b":{"1":[14,0],"2":[14,0],"3":[14,0],"4":[14,0],"5":[0,14],"6":[0,0],"7":[0,0],"8":[0,0],"9":[0,0]},"f":{"1":21,"2":14},"fnMap":{"1":{"name":"constructor","line":26,"loc":{"start":{"line":25,"column":4},"end":{"line":29,"column":4}}},"2":{"name":"participateWithBonus","line":31,"loc":{"start":{"line":31,"column":4},"end":{"line":67,"column":4}}}},"statementMap":{"1":{"start":{"line":28,"column":8},"end":{"line":28,"column":20}},"2":{"start":{"line":32,"column":8},"end":{"line":32,"column":77}},"3":{"start":{"line":35,"column":8},"end":{"line":35,"column":83}},"4":{"start":{"line":36,"column":8},"end":{"line":36,"column":90}},"5":{"start":{"line":37,"column":8},"end":{"line":37,"column":115}},"6":{"start":{"line":38,"column":8},"end":{"line":38,"column":75}},"7":{"start":{"line":43,"column":8},"end":{"line":43,"column":78}},"8":{"start":{"line":44,"column":8},"end":{"line":44,"column":1871}},"9":{"start":{"line":48,"column":8},"end":{"line":48,"column":92}},"10":{"start":{"line":49,"column":8},"end":{"line":49,"column":104}},"11":{"start":{"line":50,"column":8},"end":{"line":50,"column":120}},"12":{"start":{"line":53,"column":8},"end":{"line":53,"column":2369}},"13":{"start":{"line":54,"column":12},"end":{"line":54,"column":74}},"14":{"start":{"line":56,"column":12},"end":{"line":56,"column":106}},"15":{"start":{"line":59,"column":8},"end":{"line":59,"column":89}},"16":{"start":{"line":60,"column":8},"end":{"line":60,"column":2766}},"17":{"start":{"line":66,"column":8},"end":{"line":66,"column":69}}},"branchMap":{"1":{"line":35,"type":"if","locations":[{"start":{"line":35,"column":8},"end":{"line":35,"column":8}},{"start":{"line":35,"column":8},"end":{"line":35,"column":8}}]},"2":{"line":36,"type":"if","locations":[{"start":{"line":36,"column":8},"end":{"line":36,"column":8}},{"start":{"line":36,"column":8},"end":{"line":36,"column":8}}]},"3":{"line":37,"type":"if","locations":[{"start":{"line":37,"column":8},"end":{"line":37,"column":8}},{"start":{"line":37,"column":8},"end":{"line":37,"column":8}}]},"4":{"line":38,"type":"if","locations":[{"start":{"line":38,"column":8},"end":{"line":38,"column":8}},{"start":{"line":38,"column":8},"end":{"line":38,"column":8}}]},"5":{"line":49,"type":"if","locations":[{"start":{"line":49,"column":8},"end":{"line":49,"column":8}},{"start":{"line":49,"column":8},"end":{"line":49,"column":8}}]},"6":{"line":50,"type":"if","locations":[{"start":{"line":50,"column":8},"end":{"line":50,"column":8}},{"start":{"line":50,"column":8},"end":{"line":50,"column":8}}]},"7":{"line":53,"type":"if","locations":[{"start":{"line":53,"column":8},"end":{"line":53,"column":8}},{"start":{"line":53,"column":8},"end":{"line":53,"column":8}}]},"8":{"line":54,"type":"if","locations":[{"start":{"line":54,"column":12},"end":{"line":54,"column":12}},{"start":{"line":54,"column":12},"end":{"line":54,"column":12}}]},"9":{"line":59,"type":"if","locations":[{"start":{"line":59,"column":8},"end":{"line":59,"column":8}},{"start":{"line":59,"column":8},"end":{"line":59,"column":8}}]}}},"contracts/NFT/StableUnitDAOaNFT.sol":{"l":{"35":20,"36":20,"37":20,"39":20,"43":0,"47":0,"52":0,"56":0,"60":0,"65":2,"66":2,"70":18,"74":16,"75":16,"76":16,"77":16,"81":0,"82":0,"83":0,"88":0,"89":0,"90":0,"91":0,"92":0,"93":0,"98":14,"102":4,"104":2,"111":16,"112":16,"123":0},"path":"/Users/lebedkin/programming/stableunit/stableunit_v2/contracts/NFT/StableUnitDAOaNFT.sol","s":{"1":20,"2":20,"3":20,"4":20,"5":0,"6":0,"7":0,"8":0,"9":0,"10":2,"11":2,"12":18,"13":16,"14":16,"15":16,"16":16,"17":0,"18":0,"19":0,"20":0,"21":0,"22":0,"23":0,"24":0,"25":0,"26":14,"27":4,"28":2,"29":16,"30":16,"31":0},"b":{"1":[2,0],"2":[16,0],"3":[16,0],"4":[0,0],"5":[0,0],"6":[2,2],"7":[16,0]},"f":{"1":20,"2":0,"3":0,"4":0,"5":0,"6":0,"7":2,"8":18,"9":16,"10":0,"11":0,"12":14,"13":4,"14":16,"15":0},"fnMap":{"1":{"name":"constructor","line":34,"loc":{"start":{"line":34,"column":4},"end":{"line":40,"column":4}}},"2":{"name":"_baseURI","line":42,"loc":{"start":{"line":42,"column":4},"end":{"line":44,"column":4}}},"3":{"name":"setBaseURI","line":46,"loc":{"start":{"line":46,"column":4},"end":{"line":48,"column":4}}},"4":{"name":"pause","line":51,"loc":{"start":{"line":51,"column":4},"end":{"line":53,"column":4}}},"5":{"name":"unpause","line":55,"loc":{"start":{"line":55,"column":4},"end":{"line":57,"column":4}}},"6":{"name":"setPausedImmune","line":59,"loc":{"start":{"line":59,"column":4},"end":{"line":61,"column":4}}},"7":{"name":"insertLevelToId","line":64,"loc":{"start":{"line":64,"column":4},"end":{"line":67,"column":4}}},"8":{"name":"extractLevelFromId","line":69,"loc":{"start":{"line":69,"column":4},"end":{"line":71,"column":4}}},"9":{"name":"getLevel","line":73,"loc":{"start":{"line":73,"column":4},"end":{"line":78,"column":4}}},"10":{"name":"mintWithLevel","line":80,"loc":{"start":{"line":80,"column":4},"end":{"line":84,"column":4}}},"11":{"name":"mintBatchWithLevel","line":87,"loc":{"start":{"line":87,"column":4},"end":{"line":95,"column":4}}},"12":{"name":"mint","line":97,"loc":{"start":{"line":97,"column":4},"end":{"line":99,"column":4}}},"13":{"name":"burn","line":101,"loc":{"start":{"line":101,"column":4},"end":{"line":105,"column":4}}},"14":{"name":"_beforeTokenTransfer","line":107,"loc":{"start":{"line":107,"column":4},"end":{"line":113,"column":4}}},"15":{"name":"supportsInterface","line":117,"loc":{"start":{"line":117,"column":4},"end":{"line":124,"column":4}}}},"statementMap":{"1":{"start":{"line":35,"column":8},"end":{"line":35,"column":49}},"2":{"start":{"line":36,"column":8},"end":{"line":36,"column":42}},"3":{"start":{"line":37,"column":8},"end":{"line":37,"column":42}},"4":{"start":{"line":39,"column":8},"end":{"line":39,"column":38}},"5":{"start":{"line":43,"column":8},"end":{"line":43,"column":22}},"6":{"start":{"line":47,"column":8},"end":{"line":47,"column":20}},"7":{"start":{"line":52,"column":8},"end":{"line":52,"column":15}},"8":{"start":{"line":56,"column":8},"end":{"line":56,"column":17}},"9":{"start":{"line":60,"column":8},"end":{"line":60,"column":40}},"10":{"start":{"line":65,"column":8},"end":{"line":65,"column":74}},"11":{"start":{"line":66,"column":8},"end":{"line":66,"column":34}},"12":{"start":{"line":70,"column":8},"end":{"line":70,"column":53}},"13":{"start":{"line":74,"column":8},"end":{"line":74,"column":46}},"14":{"start":{"line":75,"column":8},"end":{"line":75,"column":60}},"15":{"start":{"line":76,"column":8},"end":{"line":76,"column":49}},"16":{"start":{"line":77,"column":8},"end":{"line":77,"column":37}},"17":{"start":{"line":81,"column":8},"end":{"line":81,"column":70}},"18":{"start":{"line":82,"column":8},"end":{"line":82,"column":24}},"19":{"start":{"line":83,"column":8},"end":{"line":83,"column":34}},"20":{"start":{"line":88,"column":8},"end":{"line":88,"column":77}},"21":{"start":{"line":89,"column":8},"end":{"line":89,"column":68}},"22":{"start":{"line":90,"column":8},"end":{"line":90,"column":3408}},"23":{"start":{"line":91,"column":12},"end":{"line":91,"column":78}},"24":{"start":{"line":92,"column":12},"end":{"line":92,"column":34}},"25":{"start":{"line":93,"column":12},"end":{"line":93,"column":38}},"26":{"start":{"line":98,"column":8},"end":{"line":98,"column":25}},"27":{"start":{"line":102,"column":8},"end":{"line":102,"column":3856}},"28":{"start":{"line":104,"column":8},"end":{"line":104,"column":21}},"29":{"start":{"line":111,"column":8},"end":{"line":111,"column":89}},"30":{"start":{"line":112,"column":8},"end":{"line":112,"column":52}},"31":{"start":{"line":123,"column":8},"end":{"line":123,"column":51}}},"branchMap":{"1":{"line":65,"type":"if","locations":[{"start":{"line":65,"column":8},"end":{"line":65,"column":8}},{"start":{"line":65,"column":8},"end":{"line":65,"column":8}}]},"2":{"line":74,"type":"if","locations":[{"start":{"line":74,"column":8},"end":{"line":74,"column":8}},{"start":{"line":74,"column":8},"end":{"line":74,"column":8}}]},"3":{"line":75,"type":"if","locations":[{"start":{"line":75,"column":8},"end":{"line":75,"column":8}},{"start":{"line":75,"column":8},"end":{"line":75,"column":8}}]},"4":{"line":88,"type":"if","locations":[{"start":{"line":88,"column":8},"end":{"line":88,"column":8}},{"start":{"line":88,"column":8},"end":{"line":88,"column":8}}]},"5":{"line":89,"type":"if","locations":[{"start":{"line":89,"column":8},"end":{"line":89,"column":8}},{"start":{"line":89,"column":8},"end":{"line":89,"column":8}}]},"6":{"line":102,"type":"if","locations":[{"start":{"line":102,"column":8},"end":{"line":102,"column":8}},{"start":{"line":102,"column":8},"end":{"line":102,"column":8}}]},"7":{"line":111,"type":"if","locations":[{"start":{"line":111,"column":8},"end":{"line":111,"column":8}},{"start":{"line":111,"column":8},"end":{"line":111,"column":8}}]}}},"contracts/SuDAO.sol":{"l":{"28":79,"34":26,"35":22,"39":3,"44":22,"45":22,"51":10,"53":8,"55":3,"56":3,"57":3,"60":5,"61":5,"62":5,"63":3},"path":"/Users/lebedkin/programming/stableunit/stableunit_v2/contracts/SuDAO.sol","s":{"1":79,"2":26,"3":3,"4":22,"5":22,"6":10,"7":8,"8":3,"9":3,"10":3,"11":5,"12":5,"13":5,"14":3},"b":{"1":[22,4],"2":[18,4],"3":[8,2],"4":[3,5],"5":[3,2]},"f":{"1":79,"2":26,"3":3,"4":22,"5":10},"fnMap":{"1":{"name":"constructor","line":27,"loc":{"start":{"line":27,"column":4},"end":{"line":29,"column":4}}},"2":{"name":"onlyMinter","line":33,"loc":{"start":{"line":33,"column":4},"end":{"line":36,"column":4}}},"3":{"name":"setMinter","line":38,"loc":{"start":{"line":38,"column":4},"end":{"line":40,"column":4}}},"4":{"name":"mint","line":43,"loc":{"start":{"line":43,"column":4},"end":{"line":48,"column":4}}},"5":{"name":"rescueTokens","line":50,"loc":{"start":{"line":50,"column":4},"end":{"line":65,"column":4}}}},"statementMap":{"1":{"start":{"line":28,"column":8},"end":{"line":28,"column":35}},"2":{"start":{"line":34,"column":8},"end":{"line":34,"column":89}},"3":{"start":{"line":39,"column":8},"end":{"line":39,"column":43}},"4":{"start":{"line":44,"column":8},"end":{"line":44,"column":26}},"5":{"start":{"line":45,"column":8},"end":{"line":45,"column":69}},"6":{"start":{"line":51,"column":8},"end":{"line":51,"column":72}},"7":{"start":{"line":53,"column":8},"end":{"line":53,"column":2015}},"8":{"start":{"line":55,"column":12},"end":{"line":55,"column":56}},"9":{"start":{"line":56,"column":12},"end":{"line":56,"column":111}},"10":{"start":{"line":57,"column":12},"end":{"line":57,"column":32}},"11":{"start":{"line":60,"column":12},"end":{"line":60,"column":66}},"12":{"start":{"line":61,"column":12},"end":{"line":61,"column":111}},"13":{"start":{"line":62,"column":12},"end":{"line":62,"column":66}},"14":{"start":{"line":63,"column":12},"end":{"line":63,"column":44}}},"branchMap":{"1":{"line":34,"type":"if","locations":[{"start":{"line":34,"column":8},"end":{"line":34,"column":8}},{"start":{"line":34,"column":8},"end":{"line":34,"column":8}}]},"2":{"line":45,"type":"if","locations":[{"start":{"line":45,"column":8},"end":{"line":45,"column":8}},{"start":{"line":45,"column":8},"end":{"line":45,"column":8}}]},"3":{"line":51,"type":"if","locations":[{"start":{"line":51,"column":8},"end":{"line":51,"column":8}},{"start":{"line":51,"column":8},"end":{"line":51,"column":8}}]},"4":{"line":53,"type":"if","locations":[{"start":{"line":53,"column":8},"end":{"line":53,"column":8}},{"start":{"line":53,"column":8},"end":{"line":53,"column":8}}]},"5":{"line":62,"type":"if","locations":[{"start":{"line":62,"column":12},"end":{"line":62,"column":12}},{"start":{"line":62,"column":12},"end":{"line":62,"column":12}}]}}},"contracts/TimelockVault.sol":{"l":{"61":28,"62":28,"69":29,"76":0,"91":7,"92":7,"94":7,"95":7,"96":7,"97":7,"113":7,"115":7,"116":6,"118":7,"119":6,"121":7,"131":14,"132":14,"140":8,"141":8,"144":8,"147":5,"148":5,"150":1,"153":4,"154":4,"155":4,"156":4,"159":5,"166":4,"167":4,"168":2,"169":2,"176":2,"178":2,"179":1,"181":1},"path":"/Users/lebedkin/programming/stableunit/stableunit_v2/contracts/TimelockVault.sol","s":{"1":28,"2":28,"3":29,"4":0,"5":7,"6":7,"7":7,"8":7,"9":7,"10":7,"11":7,"12":7,"13":6,"14":7,"15":6,"16":7,"17":14,"18":14,"19":8,"20":8,"21":8,"22":3,"23":5,"24":5,"25":1,"26":4,"27":4,"28":4,"29":4,"30":5,"31":4,"32":4,"33":2,"34":2,"35":2,"36":2,"37":1,"38":1},"b":{"1":[7,0],"2":[7,0],"3":[7,0],"4":[7,0],"5":[6,1],"6":[6,1],"7":[3,5],"8":[1,4],"9":[2,2],"10":[2,0],"11":[1,1]},"f":{"1":28,"2":29,"3":0,"4":7,"5":7,"6":14,"7":8,"8":4,"9":2},"fnMap":{"1":{"name":"constructor","line":60,"loc":{"start":{"line":60,"column":4},"end":{"line":63,"column":4}}},"2":{"name":"totalDeposited","line":68,"loc":{"start":{"line":68,"column":4},"end":{"line":70,"column":4}}},"3":{"name":"totalClaimed","line":75,"loc":{"start":{"line":75,"column":4},"end":{"line":77,"column":4}}},"4":{"name":"lockUnderVesting","line":88,"loc":{"start":{"line":87,"column":4},"end":{"line":98,"column":4}}},"5":{"name":"safeLockUnderVesting","line":111,"loc":{"start":{"line":110,"column":4},"end":{"line":122,"column":4}}},"6":{"name":"addBalance","line":129,"loc":{"start":{"line":129,"column":4},"end":{"line":133,"column":4}}},"7":{"name":"availableToClaim","line":139,"loc":{"start":{"line":139,"column":4},"end":{"line":160,"column":4}}},"8":{"name":"claim","line":165,"loc":{"start":{"line":165,"column":4},"end":{"line":170,"column":4}}},"9":{"name":"rescue","line":175,"loc":{"start":{"line":175,"column":4},"end":{"line":183,"column":4}}}},"statementMap":{"1":{"start":{"line":61,"column":8},"end":{"line":61,"column":34}},"2":{"start":{"line":62,"column":8},"end":{"line":62,"column":49}},"3":{"start":{"line":69,"column":8},"end":{"line":69,"column":74}},"4":{"start":{"line":76,"column":8},"end":{"line":76,"column":78}},"5":{"start":{"line":91,"column":8},"end":{"line":91,"column":86}},"6":{"start":{"line":92,"column":8},"end":{"line":92,"column":95}},"7":{"start":{"line":94,"column":8},"end":{"line":94,"column":82}},"8":{"start":{"line":95,"column":8},"end":{"line":95,"column":90}},"9":{"start":{"line":96,"column":8},"end":{"line":96,"column":99}},"10":{"start":{"line":97,"column":8},"end":{"line":97,"column":34}},"11":{"start":{"line":113,"column":8},"end":{"line":113,"column":82}},"12":{"start":{"line":115,"column":8},"end":{"line":115,"column":5704}},"13":{"start":{"line":116,"column":12},"end":{"line":116,"column":94}},"14":{"start":{"line":118,"column":8},"end":{"line":118,"column":5865}},"15":{"start":{"line":119,"column":12},"end":{"line":119,"column":103}},"16":{"start":{"line":121,"column":8},"end":{"line":121,"column":34}},"17":{"start":{"line":131,"column":8},"end":{"line":131,"column":87}},"18":{"start":{"line":132,"column":8},"end":{"line":132,"column":126}},"19":{"start":{"line":140,"column":8},"end":{"line":140,"column":47}},"20":{"start":{"line":141,"column":8},"end":{"line":141,"column":35}},"21":{"start":{"line":144,"column":8},"end":{"line":144,"column":49}},"22":{"start":{"line":144,"column":41},"end":{"line":144,"column":49}},"23":{"start":{"line":147,"column":8},"end":{"line":147,"column":22}},"24":{"start":{"line":148,"column":8},"end":{"line":148,"column":7277}},"25":{"start":{"line":150,"column":12},"end":{"line":150,"column":72}},"26":{"start":{"line":153,"column":12},"end":{"line":153,"column":76}},"27":{"start":{"line":154,"column":12},"end":{"line":154,"column":53}},"28":{"start":{"line":155,"column":12},"end":{"line":155,"column":100}},"29":{"start":{"line":156,"column":12},"end":{"line":156,"column":29}},"30":{"start":{"line":159,"column":8},"end":{"line":159,"column":80}},"31":{"start":{"line":166,"column":8},"end":{"line":166,"column":59}},"32":{"start":{"line":167,"column":8},"end":{"line":167,"column":56}},"33":{"start":{"line":168,"column":8},"end":{"line":168,"column":146}},"34":{"start":{"line":169,"column":8},"end":{"line":169,"column":74}},"35":{"start":{"line":176,"column":8},"end":{"line":176,"column":72}},"36":{"start":{"line":178,"column":8},"end":{"line":178,"column":8758}},"37":{"start":{"line":179,"column":12},"end":{"line":179,"column":62}},"38":{"start":{"line":181,"column":12},"end":{"line":181,"column":82}}},"branchMap":{"1":{"line":91,"type":"if","locations":[{"start":{"line":91,"column":8},"end":{"line":91,"column":8}},{"start":{"line":91,"column":8},"end":{"line":91,"column":8}}]},"2":{"line":92,"type":"if","locations":[{"start":{"line":92,"column":8},"end":{"line":92,"column":8}},{"start":{"line":92,"column":8},"end":{"line":92,"column":8}}]},"3":{"line":94,"type":"if","locations":[{"start":{"line":94,"column":8},"end":{"line":94,"column":8}},{"start":{"line":94,"column":8},"end":{"line":94,"column":8}}]},"4":{"line":113,"type":"if","locations":[{"start":{"line":113,"column":8},"end":{"line":113,"column":8}},{"start":{"line":113,"column":8},"end":{"line":113,"column":8}}]},"5":{"line":115,"type":"if","locations":[{"start":{"line":115,"column":8},"end":{"line":115,"column":8}},{"start":{"line":115,"column":8},"end":{"line":115,"column":8}}]},"6":{"line":118,"type":"if","locations":[{"start":{"line":118,"column":8},"end":{"line":118,"column":8}},{"start":{"line":118,"column":8},"end":{"line":118,"column":8}}]},"7":{"line":144,"type":"if","locations":[{"start":{"line":144,"column":8},"end":{"line":144,"column":8}},{"start":{"line":144,"column":8},"end":{"line":144,"column":8}}]},"8":{"line":148,"type":"if","locations":[{"start":{"line":148,"column":8},"end":{"line":148,"column":8}},{"start":{"line":148,"column":8},"end":{"line":148,"column":8}}]},"9":{"line":167,"type":"if","locations":[{"start":{"line":167,"column":8},"end":{"line":167,"column":8}},{"start":{"line":167,"column":8},"end":{"line":167,"column":8}}]},"10":{"line":176,"type":"if","locations":[{"start":{"line":176,"column":8},"end":{"line":176,"column":8}},{"start":{"line":176,"column":8},"end":{"line":176,"column":8}}]},"11":{"line":178,"type":"if","locations":[{"start":{"line":178,"column":8},"end":{"line":178,"column":8}},{"start":{"line":178,"column":8},"end":{"line":178,"column":8}}]}}},"contracts/VeToken.sol":{"l":{"40":0,"41":0,"48":0,"56":0,"73":0,"80":0,"87":0,"94":0,"101":0,"108":0,"115":0},"path":"/Users/lebedkin/programming/stableunit/stableunit_v2/contracts/VeToken.sol","s":{"1":0,"2":0,"3":0,"4":0,"5":0,"6":0,"7":0,"8":0,"9":0,"10":0,"11":0},"b":{},"f":{"1":0,"2":0,"3":0,"4":0,"5":0,"6":0,"7":0,"8":0,"9":0,"10":0},"fnMap":{"1":{"name":"constructor","line":38,"loc":{"start":{"line":37,"column":4},"end":{"line":42,"column":4}}},"2":{"name":"name","line":47,"loc":{"start":{"line":47,"column":4},"end":{"line":49,"column":4}}},"3":{"name":"symbol","line":55,"loc":{"start":{"line":55,"column":4},"end":{"line":57,"column":4}}},"4":{"name":"decimals","line":72,"loc":{"start":{"line":72,"column":4},"end":{"line":74,"column":4}}},"5":{"name":"totalSupply","line":79,"loc":{"start":{"line":79,"column":4},"end":{"line":81,"column":4}}},"6":{"name":"balanceOf","line":86,"loc":{"start":{"line":86,"column":4},"end":{"line":88,"column":4}}},"7":{"name":"transfer","line":93,"loc":{"start":{"line":93,"column":4},"end":{"line":95,"column":4}}},"8":{"name":"allowance","line":100,"loc":{"start":{"line":100,"column":4},"end":{"line":102,"column":4}}},"9":{"name":"approve","line":107,"loc":{"start":{"line":107,"column":4},"end":{"line":109,"column":4}}},"10":{"name":"transferFrom","line":114,"loc":{"start":{"line":114,"column":4},"end":{"line":116,"column":4}}}},"statementMap":{"1":{"start":{"line":40,"column":8},"end":{"line":40,"column":20}},"2":{"start":{"line":41,"column":8},"end":{"line":41,"column":24}},"3":{"start":{"line":48,"column":8},"end":{"line":48,"column":20}},"4":{"start":{"line":56,"column":8},"end":{"line":56,"column":22}},"5":{"start":{"line":73,"column":8},"end":{"line":73,"column":38}},"6":{"start":{"line":80,"column":8},"end":{"line":80,"column":52}},"7":{"start":{"line":87,"column":8},"end":{"line":87,"column":74}},"8":{"start":{"line":94,"column":8},"end":{"line":94,"column":54}},"9":{"start":{"line":101,"column":8},"end":{"line":101,"column":54}},"10":{"start":{"line":108,"column":8},"end":{"line":108,"column":54}},"11":{"start":{"line":115,"column":8},"end":{"line":115,"column":54}}},"branchMap":{}}}